<?xml version="1.0" encoding="UTF-8"?>
<!-- Generated by org.testng.reporters.JUnitXMLReporter -->
<testsuite ignored="0" hostname="Hitendra-MacBook-Air.local" failures="0" tests="9" name="Default test" time="20.541" errors="0" timestamp="2023-10-04T13:54:13 IST">
  <testcase classname="api.test.DataDrivenTest" name="testCreateUser" time="2.46"/>
  <testcase classname="api.test.DataDrivenTest" name="testCreateUser" time="1.368"/>
  <testcase classname="api.test.DataDrivenTest" name="testCreateUser" time="1.548"/>
  <testcase classname="api.test.DataDrivenTest" name="testGetUser" time="1.692"/>
  <testcase classname="api.test.DataDrivenTest" name="testGetUser" time="1.612"/>
  <testcase classname="api.test.DataDrivenTest" name="testGetUser" time="1.558"/>
  <testcase classname="api.test.DataDrivenTest" name="testDeleteUser" time="3.547"/>
  <testcase classname="api.test.DataDrivenTest" name="testDeleteUser" time="3.031"/>
  <testcase classname="api.test.DataDrivenTest" name="testDeleteUser" time="3.105"/>
</testsuite> <!-- Default test -->
